[2024-05-14 15:44:39] [info] Start Program:
Path:"D:\Scoala\Semestru 2\OOP\lab10_11\lab10_11\x64\Debug\lab10_11.exe"
Arguments:
Working directory: "D:\Scoala\Semestru 2\OOP\lab10_11\lab10_11\lab10_11\"
Modules: Selected: D:\Scoala\Semestru 2\OOP\lab10_11\lab10_11\x64\Debug\lab10_11.exe Excluded: 
Sources: Selected: D:\Scoala\Semestru 2\OOP\lab10_11\lab10_11\lab10_11 Excluded: 
Log Level: Normal
Cover Children: 0
Aggregate by file: 1
Continue after C++ exception: 0
Optimized build support: 0
Export: Binary C:\Users\scute\AppData\Local\Temp\vravgwfv.igb 
Input coverage: 
Unified diff: 
Excluded line regular expressions: 
Substitute pdb source paths: 

[2024-05-14 15:44:39] [info] Module: D:\Scoala\Semestru 2\OOP\lab10_11\lab10_11\x64\Debug\lab10_11.exe is selected because it matches selected pattern: D:\Scoala\Semestru 2\OOP\lab10_11\lab10_11\x64\Debug\lab10_11.exe
[2024-05-14 15:44:44] [info] ----------------------------------------------------
[2024-05-14 15:44:44] [info] Coverage binary generated in file: C:\Users\scute\AppData\Local\Temp\vravgwfv.igb
[2024-05-14 15:44:44] [info] ----------------------------------------------------
